<?xml version="1.0" encoding="UTF-8"?>
<testng-results skipped="0" failed="0" ignored="0" total="1" passed="1">
  <reporter-output>
  </reporter-output>
  <suite name="Default suite" duration-ms="34510" started-at="2020-02-07T15:15:16 CST" finished-at="2020-02-07T15:15:51 CST">
    <groups>
    </groups>
    <test name="Default test" duration-ms="34510" started-at="2020-02-07T15:15:16 CST" finished-at="2020-02-07T15:15:51 CST">
      <class name="tests.GestureToolButtonTest">
        <test-method status="PASS" signature="findElements()[pri:0, instance:tests.GestureToolButtonTest@1f7030a6]" name="findElements" duration-ms="34454" started-at="2020-02-07T15:15:16 CST" finished-at="2020-02-07T15:15:51 CST">
          <reporter-output>
          </reporter-output>
        </test-method> <!-- findElements -->
      </class> <!-- tests.GestureToolButtonTest -->
    </test> <!-- Default test -->
  </suite> <!-- Default suite -->
</testng-results>
